12:38:02.303[Forwarding newSession on session null to remote] DEBUG io.netty.util.NetUtilInitializations - Loopback interface: lo (Software Loopback Interface 1, 127.0.0.1)
12:38:02.309[Forwarding newSession on session null to remote] DEBUG io.netty.util.NetUtil - Failed to get SOMAXCONN from sysctl and file \proc\sys\net\core\somaxconn. Default: 200
12:38:02.323[Forwarding newSession on session null to remote] DEBUG io.netty.channel.DefaultChannelId - -Dio.netty.machineId: b4:b5:b6:ff:fe:97:b6:49 (auto-detected)
12:38:02.402[AsyncHttpClient-1-2] DEBUG io.netty.buffer.AbstractByteBuf - -Dio.netty.buffer.checkAccessible: true
12:38:02.403[AsyncHttpClient-1-2] DEBUG io.netty.buffer.AbstractByteBuf - -Dio.netty.buffer.checkBounds: true
12:38:02.403[AsyncHttpClient-1-2] DEBUG io.netty.util.ResourceLeakDetectorFactory - Loaded default ResourceLeakDetector: io.netty.util.ResourceLeakDetector@125973e0
12:38:02.439[AsyncHttpClient-1-2] DEBUG io.netty.util.Recycler - -Dio.netty.recycler.maxCapacityPerThread: 4096
12:38:02.439[AsyncHttpClient-1-2] DEBUG io.netty.util.Recycler - -Dio.netty.recycler.ratio: 8
12:38:02.439[AsyncHttpClient-1-2] DEBUG io.netty.util.Recycler - -Dio.netty.recycler.chunkSize: 32
12:38:02.439[AsyncHttpClient-1-2] DEBUG io.netty.util.Recycler - -Dio.netty.recycler.blocking: false
12:38:02.439[AsyncHttpClient-1-2] DEBUG io.netty.util.Recycler - -Dio.netty.recycler.batchFastThreadLocalOnly: true
12:38:03.208[AsyncHttpClient-1-2] DEBUG io.netty.handler.codec.compression.Brotli - brotli4j not in the classpath; Brotli support will be unavailable.
12:38:03.450[main] DEBUG io.netty.util.internal.ThreadLocalRandom - -Dio.netty.initialSeedUniquifier: 0xbf3a6ce81da909ca
12:38:06.635[main] INFO  testCases.TC01_AccountRegistrationTest - **** Starting TC01_AccountRegistrationTest ****
12:38:08.990[main] INFO  testCases.TC01_AccountRegistrationTest - **** Clicked Checkout Link ****
12:38:16.172[main] INFO  testCases.TC01_AccountRegistrationTest - **** Clicked My Account Link ****
12:38:16.572[main] INFO  testCases.TC01_AccountRegistrationTest - **** Clicked Register Link ****
12:38:16.583[main] INFO  testCases.TC01_AccountRegistrationTest - **** Providing customer details ****
12:38:17.273[main] INFO  testCases.TC01_AccountRegistrationTest - **** Validating Expected Message ****
12:38:18.597[main] INFO  testCases.TC01_AccountRegistrationTest - **** Test Finished ***
13:04:12.190[main] INFO  testCases.TC01_AccountRegistrationTest - **** Starting TC01_AccountRegistrationTest ****
13:04:17.995[main] INFO  testCases.TC01_AccountRegistrationTest - **** Clicked Checkout Link ****
13:04:26.118[main] INFO  testCases.TC01_AccountRegistrationTest - **** Clicked My Account Link ****
13:04:26.582[main] INFO  testCases.TC01_AccountRegistrationTest - **** Clicked My Account Link ****
13:04:26.583[main] INFO  testCases.TC01_AccountRegistrationTest - **** Validating Expected Message ****
13:04:26.583[main] INFO  testCases.TC01_AccountRegistrationTest - **** Test Finished ***
13:13:38.532[main] INFO  testCases.TC01_AccountRegistrationTest - **** Starting TC01_AccountRegistrationTest ****
13:13:40.905[main] INFO  testCases.TC01_AccountRegistrationTest - **** Clicked Checkout Link ****
13:13:48.025[main] INFO  testCases.TC01_AccountRegistrationTest - **** Clicked My Account Link ****
13:13:48.396[main] INFO  testCases.TC01_AccountRegistrationTest - **** Clicked Register Link ****
13:13:48.402[main] INFO  testCases.TC01_AccountRegistrationTest - **** Providing customer details ****
13:13:49.170[main] INFO  testCases.TC01_AccountRegistrationTest - **** Validating Expected Message ****
13:13:50.239[main] INFO  testCases.TC01_AccountRegistrationTest - **** Test Finished ***
13:15:22.848[main] INFO  testCases.TC01_LoginTest - **** Starting Login Test ****
13:16:14.970[main] INFO  testCases.TC01_LoginTest - **** Starting Login Test ****
13:18:51.078[main] INFO  testCases.TC01_LoginTest - **** Starting Login Test ****
13:20:42.443[main] INFO  testCases.TC01_LoginTest - **** Starting Login Test ****
13:20:44.839[main] INFO  testCases.TC01_LoginTest - **** Clicked Checkout Link ****
13:21:34.447[main] INFO  testCases.TC01_LoginTest - **** Starting Login Test ****
13:21:37.039[main] INFO  testCases.TC01_LoginTest - **** Clicked Checkout Link ****
13:21:46.607[main] INFO  testCases.TC01_LoginTest - **** Clicked My Account Link ****
13:21:47.497[main] INFO  testCases.TC01_LoginTest - **** Clicked Login Link ****
13:21:49.106[main] INFO  testCases.TC01_LoginTest - **** Test Finished ****
10:15:41.619[main] INFO  testCases.TC01_LoginTest - **** Starting Login Test ****
10:15:44.014[main] INFO  testCases.TC01_LoginTest - **** Clicked Checkout Link ****
10:15:59.201[main] INFO  testCases.TC01_LoginTest - **** Clicked My Account Link ****
10:15:59.645[main] INFO  testCases.TC01_LoginTest - **** Clicked Login Link ****
10:16:00.799[main] INFO  testCases.TC01_LoginTest - **** Test Finished ****
10:18:50.467[main] INFO  testCases.TC01_LoginTest - **** Starting Login Test ****
