10:18:52.873[main] INFO  testCases.TC01_LoginTest - **** Clicked Checkout Link ****
10:19:00.263[main] INFO  testCases.TC01_LoginTest - **** Clicked My Account Link ****
10:19:00.669[main] INFO  testCases.TC01_LoginTest - **** Clicked Login Link ****
10:19:02.086[main] INFO  testCases.TC01_LoginTest - **** Test Finished ****
10:19:33.937[main] INFO  testCases.TC01_AccountRegistrationTest - **** Starting TC01_AccountRegistrationTest ****
10:19:36.288[main] INFO  testCases.TC01_AccountRegistrationTest - **** Clicked Checkout Link ****
10:19:50.844[main] INFO  testCases.TC01_AccountRegistrationTest - **** Clicked My Account Link ****
10:19:51.459[main] INFO  testCases.TC01_AccountRegistrationTest - **** Clicked Register Link ****
10:19:51.496[main] INFO  testCases.TC01_AccountRegistrationTest - **** Providing customer details ****
10:19:52.191[main] INFO  testCases.TC01_AccountRegistrationTest - **** Validating Expected Message ****
10:19:52.975[main] INFO  testCases.TC01_AccountRegistrationTest - **** Test Finished ***
11:15:41.926[main] INFO  testCases.TC01_AccountRegistrationTest - **** Starting TC01_AccountRegistrationTest ****
11:15:45.015[main] INFO  testCases.TC01_AccountRegistrationTest - **** Clicked Checkout Link ****
11:15:48.151[main] INFO  testCases.TC01_AccountRegistrationTest - **** Clicked My Account Link ****
11:15:54.003[main] INFO  testCases.TC01_AccountRegistrationTest - **** Clicked Register Link ****
11:15:54.018[main] INFO  testCases.TC01_AccountRegistrationTest - **** Providing customer details ****
11:16:00.024[main] INFO  testCases.TC01_AccountRegistrationTest - **** Validating Expected Message ****
11:16:02.202[main] INFO  testCases.TC01_AccountRegistrationTest - **** Test Finished ***
11:20:17.109[main] INFO  testCases.TC01_LoginTest - **** Starting Login Test ****
11:20:19.533[main] INFO  testCases.TC01_LoginTest - **** Clicked Checkout Link ****
11:20:26.540[main] INFO  testCases.TC01_LoginTest - **** Clicked My Account Link ****
11:20:32.345[main] INFO  testCases.TC01_LoginTest - **** Clicked Login Link ****
11:20:40.070[main] INFO  testCases.TC01_LoginTest - **** Test Finished ****
12:12:07.815[main] INFO  testCases.TC01_LoginTest - **** Starting Login Test ****
12:12:10.358[main] INFO  testCases.TC01_LoginTest - **** Clicked Checkout Link ****
12:12:18.823[main] INFO  testCases.TC01_LoginTest - **** Clicked My Account Link ****
12:12:24.464[main] INFO  testCases.TC01_LoginTest - **** Clicked Login Link ****
12:12:32.293[main] INFO  testCases.TC01_LoginTest - **** Test Finished ****
19:44:55.995[main] INFO  testCases.TC01_LoginTest - **** Starting Login Test ****
19:44:58.441[main] INFO  testCases.TC01_LoginTest - **** Clicked Checkout Link ****
19:45:05.833[main] INFO  testCases.TC01_LoginTest - **** Clicked My Account Link ****
19:45:11.478[main] INFO  testCases.TC01_LoginTest - **** Clicked Login Link ****
19:45:19.232[main] INFO  testCases.TC01_LoginTest - **** Test Finished ****
